<?xml version="1.0" encoding="UTF-8"?>
<!-- Generated by org.testng.reporters.JUnitReportReporter -->
<testsuite skipped="0" hostname="A9833S1L" name="nagarajuMaven.SeleniumTests" tests="2" failures="0" timestamp="13 Feb 2019 19:58:02 GMT" time="0.012" errors="0">
  <testcase name="SeleniumTest1" time="0.008" classname="nagarajuMaven.SeleniumTests"/>
  <testcase name="SeleniumTest2" time="0.004" classname="nagarajuMaven.SeleniumTests"/>
</testsuite> <!-- nagarajuMaven.SeleniumTests -->
