<?xml version="1.0" encoding="UTF-8"?>
<!-- Generated by org.testng.reporters.JUnitReportReporter -->
<testsuite skipped="0" hostname="A9833S1L" name="nagarajuMaven.Test1" tests="1" failures="0" timestamp="14 Feb 2019 21:13:28 GMT" time="0.672" errors="0">
  <testcase name="method1" time="0.672" classname="nagarajuMaven.Test1"/>
</testsuite> <!-- nagarajuMaven.Test1 -->
