<?xml version="1.0" encoding="UTF-8"?>
<!-- Generated by org.testng.reporters.JUnitReportReporter -->
<testsuite skipped="0" hostname="A9833S1L" name="nagarajuMaven.GetTestDataFromExcel" tests="1" failures="0" timestamp="14 Feb 2019 21:47:04 GMT" time="0.640" errors="0">
  <testcase name="getTestData" time="0.640" classname="nagarajuMaven.GetTestDataFromExcel"/>
</testsuite> <!-- nagarajuMaven.GetTestDataFromExcel -->
