<?xml version="1.0" encoding="UTF-8"?>
<!-- Generated by org.testng.reporters.JUnitReportReporter -->
<testsuite skipped="0" hostname="A9833S1L" name="nagarajuMaven.ExcelFramework" tests="1" failures="0" timestamp="14 Feb 2019 18:23:45 GMT" time="0.016" errors="0">
  <testcase name="method1" time="0.016" classname="nagarajuMaven.ExcelFramework"/>
</testsuite> <!-- nagarajuMaven.ExcelFramework -->
