<?xml version="1.0" encoding="UTF-8"?>
<!-- Generated by org.testng.reporters.JUnitReportReporter -->
<testsuite skipped="0" hostname="A9833S1L" name="nagarajuMaven.ABCTest" tests="2" failures="0" timestamp="13 Feb 2019 19:58:01 GMT" time="0.015" errors="0">
  <testcase name="ABCTest1" time="0.011" classname="nagarajuMaven.ABCTest"/>
  <testcase name="SeleniumTest2" time="0.004" classname="nagarajuMaven.ABCTest"/>
</testsuite> <!-- nagarajuMaven.ABCTest -->
