<?xml version="1.0" encoding="UTF-8"?>
<!-- Generated by org.testng.reporters.JUnitReportReporter -->
<testsuite hostname="A9833S1L" name="nagarajuMaven.ABCTest" tests="2" failures="0" timestamp="13 Feb 2019 20:23:58 GMT" time="0.008" errors="0">
  <testcase name="SeleniumTest2" time="0.000" classname="nagarajuMaven.ABCTest"/>
  <testcase name="ABCTest1" time="0.008" classname="nagarajuMaven.ABCTest"/>
</testsuite> <!-- nagarajuMaven.ABCTest -->
